{"/Users/anupamaag/Personal/Challanges/json-parser/json-parser.ts": {"path":"/Users/anupamaag/Personal/Challanges/json-parser/json-parser.ts","statementMap":{"0":{"start":{"line":1,"column":0},"end":{"line":1,"column":46}},"1":{"start":{"line":4,"column":26},"end":{"line":4,"column":27}},"2":{"start":{"line":5,"column":26},"end":{"line":5,"column":27}},"3":{"start":{"line":11,"column":4},"end":{"line":11,"column":17}},"4":{"start":{"line":12,"column":4},"end":{"line":12,"column":25}},"5":{"start":{"line":16,"column":4},"end":{"line":16,"column":29}},"6":{"start":{"line":17,"column":18},"end":{"line":17,"column":35}},"7":{"start":{"line":19,"column":4},"end":{"line":19,"column":49}},"8":{"start":{"line":20,"column":4},"end":{"line":20,"column":36}},"9":{"start":{"line":24,"column":4},"end":{"line":55,"column":5}},"10":{"start":{"line":26,"column":8},"end":{"line":26,"column":34}},"11":{"start":{"line":28,"column":8},"end":{"line":28,"column":34}},"12":{"start":{"line":30,"column":8},"end":{"line":30,"column":33}},"13":{"start":{"line":32,"column":8},"end":{"line":32,"column":32}},"14":{"start":{"line":34,"column":8},"end":{"line":34,"column":33}},"15":{"start":{"line":36,"column":8},"end":{"line":36,"column":32}},"16":{"start":{"line":48,"column":8},"end":{"line":48,"column":34}},"17":{"start":{"line":50,"column":8},"end":{"line":52,"column":10}},"18":{"start":{"line":53,"column":8},"end":{"line":53,"column":40}},"19":{"start":{"line":59,"column":14},"end":{"line":59,"column":16}},"20":{"start":{"line":60,"column":4},"end":{"line":63,"column":5}},"21":{"start":{"line":61,"column":6},"end":{"line":61,"column":31}},"22":{"start":{"line":62,"column":6},"end":{"line":62,"column":43}},"23":{"start":{"line":65,"column":4},"end":{"line":65,"column":30}},"24":{"start":{"line":67,"column":4},"end":{"line":85,"column":5}},"25":{"start":{"line":71,"column":6},"end":{"line":71,"column":33}},"26":{"start":{"line":72,"column":6},"end":{"line":72,"column":26}},"27":{"start":{"line":73,"column":6},"end":{"line":79,"column":7}},"28":{"start":{"line":77,"column":8},"end":{"line":77,"column":35}},"29":{"start":{"line":78,"column":8},"end":{"line":78,"column":28}},"30":{"start":{"line":80,"column":6},"end":{"line":80,"column":32}},"31":{"start":{"line":81,"column":11},"end":{"line":85,"column":5}},"32":{"start":{"line":82,"column":6},"end":{"line":82,"column":33}},"33":{"start":{"line":83,"column":6},"end":{"line":83,"column":41}},"34":{"start":{"line":84,"column":6},"end":{"line":84,"column":32}},"35":{"start":{"line":86,"column":4},"end":{"line":86,"column":15}},"36":{"start":{"line":90,"column":14},"end":{"line":90,"column":16}},"37":{"start":{"line":91,"column":4},"end":{"line":108,"column":5}},"38":{"start":{"line":95,"column":6},"end":{"line":101,"column":7}},"39":{"start":{"line":99,"column":8},"end":{"line":99,"column":35}},"40":{"start":{"line":100,"column":8},"end":{"line":100,"column":28}},"41":{"start":{"line":103,"column":6},"end":{"line":106,"column":8}},"42":{"start":{"line":107,"column":6},"end":{"line":107,"column":38}},"43":{"start":{"line":109,"column":4},"end":{"line":109,"column":15}},"44":{"start":{"line":113,"column":4},"end":{"line":113,"column":27}},"45":{"start":{"line":114,"column":4},"end":{"line":114,"column":27}},"46":{"start":{"line":115,"column":4},"end":{"line":115,"column":27}},"47":{"start":{"line":116,"column":4},"end":{"line":116,"column":27}},"48":{"start":{"line":117,"column":4},"end":{"line":117,"column":16}},"49":{"start":{"line":121,"column":4},"end":{"line":121,"column":27}},"50":{"start":{"line":122,"column":4},"end":{"line":122,"column":27}},"51":{"start":{"line":123,"column":4},"end":{"line":123,"column":27}},"52":{"start":{"line":124,"column":4},"end":{"line":124,"column":27}},"53":{"start":{"line":125,"column":4},"end":{"line":125,"column":27}},"54":{"start":{"line":126,"column":4},"end":{"line":126,"column":16}},"55":{"start":{"line":130,"column":4},"end":{"line":130,"column":27}},"56":{"start":{"line":131,"column":4},"end":{"line":131,"column":27}},"57":{"start":{"line":132,"column":4},"end":{"line":132,"column":27}},"58":{"start":{"line":133,"column":4},"end":{"line":133,"column":27}},"59":{"start":{"line":134,"column":4},"end":{"line":134,"column":16}},"60":{"start":{"line":138,"column":4},"end":{"line":138,"column":42}},"61":{"start":{"line":139,"column":14},"end":{"line":139,"column":16}},"62":{"start":{"line":140,"column":4},"end":{"line":147,"column":5}},"63":{"start":{"line":141,"column":18},"end":{"line":141,"column":35}},"64":{"start":{"line":142,"column":6},"end":{"line":142,"column":20}},"65":{"start":{"line":144,"column":6},"end":{"line":146,"column":19}},"66":{"start":{"line":145,"column":8},"end":{"line":145,"column":40}},"67":{"start":{"line":146,"column":13},"end":{"line":146,"column":19}},"68":{"start":{"line":148,"column":4},"end":{"line":148,"column":40}},"69":{"start":{"line":149,"column":4},"end":{"line":149,"column":15}},"70":{"start":{"line":153,"column":4},"end":{"line":153,"column":43}},"71":{"start":{"line":154,"column":28},"end":{"line":154,"column":30}},"72":{"start":{"line":155,"column":20},"end":{"line":155,"column":25}},"73":{"start":{"line":156,"column":4},"end":{"line":170,"column":5}},"74":{"start":{"line":157,"column":26},"end":{"line":157,"column":43}},"75":{"start":{"line":158,"column":6},"end":{"line":158,"column":47}},"76":{"start":{"line":160,"column":6},"end":{"line":169,"column":7}},"77":{"start":{"line":161,"column":8},"end":{"line":161,"column":40}},"78":{"start":{"line":162,"column":8},"end":{"line":162,"column":25}},"79":{"start":{"line":163,"column":13},"end":{"line":169,"column":7}},"80":{"start":{"line":164,"column":8},"end":{"line":164,"column":26}},"81":{"start":{"line":165,"column":8},"end":{"line":165,"column":38}},"82":{"start":{"line":166,"column":8},"end":{"line":166,"column":40}},"83":{"start":{"line":168,"column":8},"end":{"line":168,"column":26}},"84":{"start":{"line":171,"column":4},"end":{"line":171,"column":41}},"85":{"start":{"line":172,"column":4},"end":{"line":172,"column":15}},"86":{"start":{"line":176,"column":24},"end":{"line":176,"column":42}},"87":{"start":{"line":177,"column":4},"end":{"line":177,"column":41}},"88":{"start":{"line":178,"column":29},"end":{"line":178,"column":46}},"89":{"start":{"line":179,"column":4},"end":{"line":179,"column":26}},"90":{"start":{"line":183,"column":14},"end":{"line":183,"column":16}},"91":{"start":{"line":184,"column":4},"end":{"line":184,"column":36}},"92":{"start":{"line":185,"column":4},"end":{"line":188,"column":5}},"93":{"start":{"line":186,"column":6},"end":{"line":186,"column":33}},"94":{"start":{"line":187,"column":6},"end":{"line":187,"column":17}},"95":{"start":{"line":189,"column":4},"end":{"line":189,"column":36}},"96":{"start":{"line":190,"column":4},"end":{"line":190,"column":15}},"97":{"start":{"line":194,"column":4},"end":{"line":201,"column":5}},"98":{"start":{"line":195,"column":6},"end":{"line":199,"column":8}},"99":{"start":{"line":200,"column":6},"end":{"line":200,"column":38}},"100":{"start":{"line":202,"column":4},"end":{"line":202,"column":15}},"101":{"start":{"line":203,"column":4},"end":{"line":209,"column":17}},"102":{"start":{"line":209,"column":6},"end":{"line":209,"column":17}},"103":{"start":{"line":213,"column":4},"end":{"line":217,"column":5}},"104":{"start":{"line":214,"column":6},"end":{"line":216,"column":17}},"105":{"start":{"line":215,"column":8},"end":{"line":215,"column":19}},"106":{"start":{"line":216,"column":11},"end":{"line":216,"column":17}},"107":{"start":{"line":221,"column":4},"end":{"line":221,"column":32}},"108":{"start":{"line":7,"column":0},"end":{"line":7,"column":13}}},"fnMap":{"0":{"name":"(anonymous_0)","decl":{"start":{"line":10,"column":2},"end":{"line":10,"column":14}},"loc":{"start":{"line":10,"column":29},"end":{"line":13,"column":3}}},"1":{"name":"(anonymous_1)","decl":{"start":{"line":15,"column":2},"end":{"line":15,"column":7}},"loc":{"start":{"line":15,"column":7},"end":{"line":21,"column":3}}},"2":{"name":"(anonymous_2)","decl":{"start":{"line":23,"column":10},"end":{"line":23,"column":20}},"loc":{"start":{"line":23,"column":20},"end":{"line":56,"column":3}}},"3":{"name":"(anonymous_3)","decl":{"start":{"line":58,"column":2},"end":{"line":58,"column":13}},"loc":{"start":{"line":58,"column":13},"end":{"line":87,"column":3}}},"4":{"name":"(anonymous_4)","decl":{"start":{"line":89,"column":2},"end":{"line":89,"column":13}},"loc":{"start":{"line":89,"column":13},"end":{"line":110,"column":3}}},"5":{"name":"(anonymous_5)","decl":{"start":{"line":112,"column":2},"end":{"line":112,"column":11}},"loc":{"start":{"line":112,"column":11},"end":{"line":118,"column":3}}},"6":{"name":"(anonymous_6)","decl":{"start":{"line":120,"column":2},"end":{"line":120,"column":12}},"loc":{"start":{"line":120,"column":12},"end":{"line":127,"column":3}}},"7":{"name":"(anonymous_7)","decl":{"start":{"line":129,"column":2},"end":{"line":129,"column":11}},"loc":{"start":{"line":129,"column":11},"end":{"line":135,"column":3}}},"8":{"name":"(anonymous_8)","decl":{"start":{"line":137,"column":2},"end":{"line":137,"column":12}},"loc":{"start":{"line":137,"column":12},"end":{"line":150,"column":3}}},"9":{"name":"(anonymous_9)","decl":{"start":{"line":152,"column":2},"end":{"line":152,"column":13}},"loc":{"start":{"line":152,"column":13},"end":{"line":173,"column":3}}},"10":{"name":"(anonymous_10)","decl":{"start":{"line":175,"column":2},"end":{"line":175,"column":12}},"loc":{"start":{"line":175,"column":12},"end":{"line":180,"column":3}}},"11":{"name":"(anonymous_11)","decl":{"start":{"line":182,"column":2},"end":{"line":182,"column":13}},"loc":{"start":{"line":182,"column":13},"end":{"line":191,"column":3}}},"12":{"name":"(anonymous_12)","decl":{"start":{"line":193,"column":2},"end":{"line":193,"column":14}},"loc":{"start":{"line":193,"column":37},"end":{"line":210,"column":3}}},"13":{"name":"(anonymous_13)","decl":{"start":{"line":212,"column":2},"end":{"line":212,"column":19}},"loc":{"start":{"line":212,"column":19},"end":{"line":218,"column":3}}},"14":{"name":"(anonymous_14)","decl":{"start":{"line":220,"column":2},"end":{"line":220,"column":14}},"loc":{"start":{"line":220,"column":14},"end":{"line":222,"column":3}}}},"branchMap":{"0":{"loc":{"start":{"line":24,"column":4},"end":{"line":55,"column":5}},"type":"switch","locations":[{"start":{"line":25,"column":6},"end":{"line":26,"column":34}},{"start":{"line":27,"column":6},"end":{"line":28,"column":34}},{"start":{"line":29,"column":6},"end":{"line":30,"column":33}},{"start":{"line":31,"column":6},"end":{"line":32,"column":32}},{"start":{"line":33,"column":6},"end":{"line":34,"column":33}},{"start":{"line":35,"column":6},"end":{"line":36,"column":32}},{"start":{"line":37,"column":6},"end":{"line":37,"column":27}},{"start":{"line":38,"column":6},"end":{"line":38,"column":27}},{"start":{"line":39,"column":6},"end":{"line":39,"column":29}},{"start":{"line":40,"column":6},"end":{"line":40,"column":28}},{"start":{"line":41,"column":6},"end":{"line":41,"column":28}},{"start":{"line":42,"column":6},"end":{"line":42,"column":27}},{"start":{"line":43,"column":6},"end":{"line":43,"column":29}},{"start":{"line":44,"column":6},"end":{"line":44,"column":29}},{"start":{"line":45,"column":6},"end":{"line":45,"column":28}},{"start":{"line":46,"column":6},"end":{"line":46,"column":29}},{"start":{"line":47,"column":6},"end":{"line":48,"column":34}},{"start":{"line":49,"column":6},"end":{"line":54,"column":7}}]},"1":{"loc":{"start":{"line":60,"column":4},"end":{"line":63,"column":5}},"type":"if","locations":[{"start":{"line":60,"column":4},"end":{"line":63,"column":5}}]},"2":{"loc":{"start":{"line":67,"column":4},"end":{"line":85,"column":5}},"type":"if","locations":[{"start":{"line":67,"column":4},"end":{"line":85,"column":5}},{"start":{"line":81,"column":11},"end":{"line":85,"column":5}}]},"3":{"loc":{"start":{"line":68,"column":6},"end":{"line":69,"column":58}},"type":"binary-expr","locations":[{"start":{"line":68,"column":6},"end":{"line":68,"column":56}},{"start":{"line":69,"column":6},"end":{"line":69,"column":58}}]},"4":{"loc":{"start":{"line":73,"column":6},"end":{"line":79,"column":7}},"type":"if","locations":[{"start":{"line":73,"column":6},"end":{"line":79,"column":7}}]},"5":{"loc":{"start":{"line":74,"column":8},"end":{"line":75,"column":48}},"type":"binary-expr","locations":[{"start":{"line":74,"column":8},"end":{"line":74,"column":47}},{"start":{"line":75,"column":8},"end":{"line":75,"column":48}}]},"6":{"loc":{"start":{"line":81,"column":11},"end":{"line":85,"column":5}},"type":"if","locations":[{"start":{"line":81,"column":11},"end":{"line":85,"column":5}}]},"7":{"loc":{"start":{"line":91,"column":4},"end":{"line":108,"column":5}},"type":"if","locations":[{"start":{"line":91,"column":4},"end":{"line":108,"column":5}},{"start":{"line":102,"column":11},"end":{"line":108,"column":5}}]},"8":{"loc":{"start":{"line":92,"column":6},"end":{"line":93,"column":45}},"type":"binary-expr","locations":[{"start":{"line":92,"column":6},"end":{"line":92,"column":45}},{"start":{"line":93,"column":6},"end":{"line":93,"column":45}}]},"9":{"loc":{"start":{"line":96,"column":8},"end":{"line":97,"column":47}},"type":"binary-expr","locations":[{"start":{"line":96,"column":8},"end":{"line":96,"column":47}},{"start":{"line":97,"column":8},"end":{"line":97,"column":47}}]},"10":{"loc":{"start":{"line":144,"column":6},"end":{"line":146,"column":19}},"type":"if","locations":[{"start":{"line":144,"column":6},"end":{"line":146,"column":19}},{"start":{"line":146,"column":13},"end":{"line":146,"column":19}}]},"11":{"loc":{"start":{"line":156,"column":11},"end":{"line":156,"column":65}},"type":"binary-expr","locations":[{"start":{"line":156,"column":11},"end":{"line":156,"column":52}},{"start":{"line":156,"column":56},"end":{"line":156,"column":65}}]},"12":{"loc":{"start":{"line":160,"column":6},"end":{"line":169,"column":7}},"type":"if","locations":[{"start":{"line":160,"column":6},"end":{"line":169,"column":7}},{"start":{"line":163,"column":13},"end":{"line":169,"column":7}}]},"13":{"loc":{"start":{"line":163,"column":13},"end":{"line":169,"column":7}},"type":"if","locations":[{"start":{"line":163,"column":13},"end":{"line":169,"column":7}},{"start":{"line":167,"column":13},"end":{"line":169,"column":7}}]},"14":{"loc":{"start":{"line":194,"column":4},"end":{"line":201,"column":5}},"type":"if","locations":[{"start":{"line":194,"column":4},"end":{"line":201,"column":5}}]},"15":{"loc":{"start":{"line":194,"column":8},"end":{"line":194,"column":62}},"type":"binary-expr","locations":[{"start":{"line":194,"column":8},"end":{"line":194,"column":21}},{"start":{"line":194,"column":25},"end":{"line":194,"column":62}}]},"16":{"loc":{"start":{"line":204,"column":6},"end":{"line":207,"column":34}},"type":"binary-expr","locations":[{"start":{"line":204,"column":6},"end":{"line":204,"column":33}},{"start":{"line":205,"column":6},"end":{"line":205,"column":34}},{"start":{"line":206,"column":6},"end":{"line":206,"column":34}},{"start":{"line":207,"column":6},"end":{"line":207,"column":34}}]},"17":{"loc":{"start":{"line":214,"column":6},"end":{"line":216,"column":17}},"type":"if","locations":[{"start":{"line":214,"column":6},"end":{"line":216,"column":17}},{"start":{"line":216,"column":11},"end":{"line":216,"column":17}}]},"18":{"loc":{"start":{"line":214,"column":10},"end":{"line":214,"column":69}},"type":"binary-expr","locations":[{"start":{"line":214,"column":10},"end":{"line":214,"column":38}},{"start":{"line":214,"column":42},"end":{"line":214,"column":69}}]}},"s":{"0":5,"1":5,"2":5,"3":13,"4":13,"5":13,"6":13,"7":7,"8":7,"9":41,"10":14,"11":12,"12":3,"13":2,"14":1,"15":1,"16":4,"17":4,"18":4,"19":4,"20":4,"21":0,"22":0,"23":4,"24":4,"25":0,"26":0,"27":0,"28":0,"29":0,"30":0,"31":4,"32":0,"33":0,"34":0,"35":4,"36":4,"37":4,"38":4,"39":12,"40":12,"41":0,"42":0,"43":4,"44":2,"45":2,"46":2,"47":2,"48":2,"49":1,"50":1,"51":1,"52":1,"53":1,"54":1,"55":1,"56":1,"57":1,"58":1,"59":1,"60":3,"61":3,"62":3,"63":2,"64":1,"65":1,"66":0,"67":1,"68":2,"69":2,"70":14,"71":14,"72":14,"73":14,"74":28,"75":24,"76":24,"77":17,"78":17,"79":7,"80":0,"81":0,"82":0,"83":7,"84":10,"85":10,"86":28,"87":26,"88":26,"89":24,"90":40,"91":40,"92":38,"93":193,"94":193,"95":38,"96":38,"97":179,"98":2,"99":2,"100":177,"101":177,"102":116,"103":13,"104":13,"105":0,"106":13,"107":1664,"108":5},"f":{"0":13,"1":13,"2":41,"3":4,"4":4,"5":2,"6":1,"7":1,"8":3,"9":14,"10":28,"11":40,"12":179,"13":13,"14":1664},"b":{"0":[14,12,3,2,1,1,4,4,4,4,4,4,4,4,4,4,4,4],"1":[0],"2":[0,4],"3":[4,4],"4":[0],"5":[0,0],"6":[0],"7":[4,0],"8":[4,4],"9":[16,13],"10":[0,1],"11":[38,11],"12":[17,7],"13":[0,7],"14":[2],"15":[179,167],"16":[293,209,209,177],"17":[0,13],"18":[13,11]}}
,"/Users/anupamaag/Personal/Challanges/json-parser/token.ts": {"path":"/Users/anupamaag/Personal/Challanges/json-parser/token.ts","statementMap":{"0":{"start":{"line":1,"column":13},"end":{"line":17,"column":2}},"1":{"start":{"line":19,"column":13},"end":{"line":31,"column":2}}},"fnMap":{},"branchMap":{},"s":{"0":5,"1":5},"f":{},"b":{}}
}
