TN:
SF:json-parser.ts
FN:10,(anonymous_0)
FN:15,(anonymous_1)
FN:23,(anonymous_2)
FN:58,(anonymous_3)
FN:89,(anonymous_4)
FN:112,(anonymous_5)
FN:120,(anonymous_6)
FN:129,(anonymous_7)
FN:137,(anonymous_8)
FN:152,(anonymous_9)
FN:175,(anonymous_10)
FN:182,(anonymous_11)
FN:193,(anonymous_12)
FN:212,(anonymous_13)
FN:220,(anonymous_14)
FNF:15
FNH:15
FNDA:13,(anonymous_0)
FNDA:13,(anonymous_1)
FNDA:41,(anonymous_2)
FNDA:4,(anonymous_3)
FNDA:4,(anonymous_4)
FNDA:2,(anonymous_5)
FNDA:1,(anonymous_6)
FNDA:1,(anonymous_7)
FNDA:3,(anonymous_8)
FNDA:14,(anonymous_9)
FNDA:28,(anonymous_10)
FNDA:40,(anonymous_11)
FNDA:179,(anonymous_12)
FNDA:13,(anonymous_13)
FNDA:1664,(anonymous_14)
DA:1,5
DA:4,5
DA:5,5
DA:7,5
DA:11,13
DA:12,13
DA:16,13
DA:17,13
DA:19,7
DA:20,7
DA:24,41
DA:26,14
DA:28,12
DA:30,3
DA:32,2
DA:34,1
DA:36,1
DA:48,4
DA:50,4
DA:53,4
DA:59,4
DA:60,4
DA:61,0
DA:62,0
DA:65,4
DA:67,4
DA:71,0
DA:72,0
DA:73,0
DA:77,0
DA:78,0
DA:80,0
DA:81,4
DA:82,0
DA:83,0
DA:84,0
DA:86,4
DA:90,4
DA:91,4
DA:95,4
DA:99,12
DA:100,12
DA:103,0
DA:107,0
DA:109,4
DA:113,2
DA:114,2
DA:115,2
DA:116,2
DA:117,2
DA:121,1
DA:122,1
DA:123,1
DA:124,1
DA:125,1
DA:126,1
DA:130,1
DA:131,1
DA:132,1
DA:133,1
DA:134,1
DA:138,3
DA:139,3
DA:140,3
DA:141,2
DA:142,1
DA:144,1
DA:145,0
DA:146,1
DA:148,2
DA:149,2
DA:153,14
DA:154,14
DA:155,14
DA:156,14
DA:157,28
DA:158,24
DA:160,24
DA:161,17
DA:162,17
DA:163,7
DA:164,0
DA:165,0
DA:166,0
DA:168,7
DA:171,10
DA:172,10
DA:176,28
DA:177,26
DA:178,26
DA:179,24
DA:183,40
DA:184,40
DA:185,38
DA:186,193
DA:187,193
DA:189,38
DA:190,38
DA:194,179
DA:195,2
DA:200,2
DA:202,177
DA:203,177
DA:209,116
DA:213,13
DA:214,13
DA:215,0
DA:216,13
DA:221,1664
LF:109
LH:91
BRDA:24,0,0,14
BRDA:24,0,1,12
BRDA:24,0,2,3
BRDA:24,0,3,2
BRDA:24,0,4,1
BRDA:24,0,5,1
BRDA:24,0,6,4
BRDA:24,0,7,4
BRDA:24,0,8,4
BRDA:24,0,9,4
BRDA:24,0,10,4
BRDA:24,0,11,4
BRDA:24,0,12,4
BRDA:24,0,13,4
BRDA:24,0,14,4
BRDA:24,0,15,4
BRDA:24,0,16,4
BRDA:24,0,17,4
BRDA:60,1,0,0
BRDA:67,2,0,0
BRDA:67,2,1,4
BRDA:68,3,0,4
BRDA:68,3,1,4
BRDA:73,4,0,0
BRDA:74,5,0,0
BRDA:74,5,1,0
BRDA:81,6,0,0
BRDA:91,7,0,4
BRDA:91,7,1,0
BRDA:92,8,0,4
BRDA:92,8,1,4
BRDA:96,9,0,16
BRDA:96,9,1,13
BRDA:144,10,0,0
BRDA:144,10,1,1
BRDA:156,11,0,38
BRDA:156,11,1,11
BRDA:160,12,0,17
BRDA:160,12,1,7
BRDA:163,13,0,0
BRDA:163,13,1,7
BRDA:194,14,0,2
BRDA:194,15,0,179
BRDA:194,15,1,167
BRDA:204,16,0,293
BRDA:204,16,1,209
BRDA:204,16,2,209
BRDA:204,16,3,177
BRDA:214,17,0,0
BRDA:214,17,1,13
BRDA:214,18,0,13
BRDA:214,18,1,11
BRF:52
BRH:42
end_of_record
TN:
SF:token.ts
FNF:0
FNH:0
DA:1,5
DA:19,5
LF:2
LH:2
BRF:0
BRH:0
end_of_record
